{"timestamp":"2025-10-09T09:34:44.924369","level":"info","event":"DAG bundles loaded: dags-folder","logger":"airflow.dag_processing.bundles.manager.DagBundlesManager"}
{"timestamp":"2025-10-09T09:34:44.924920","level":"info","event":"Filling up the DagBag from /home/renad/airflow/dags/ai5.py","logger":"airflow.models.dagbag.DagBag"}
{"timestamp":"2025-10-09T09:34:45.459211","level":"info","event":"Tmp dir root location: /tmp","logger":"airflow.task.hooks.airflow.providers.standard.hooks.subprocess.SubprocessHook"}
{"timestamp":"2025-10-09T09:34:45.459662","level":"info","event":"Running command: ['/usr/bin/bash', '-c', '/home/renad/venvs/airflow_3.0.6/bin/dbt run']","logger":"airflow.task.hooks.airflow.providers.standard.hooks.subprocess.SubprocessHook"}
{"timestamp":"2025-10-09T09:34:45.468603","level":"info","event":"Output:","logger":"airflow.task.hooks.airflow.providers.standard.hooks.subprocess.SubprocessHook"}
{"timestamp":"2025-10-09T09:34:47.355635","level":"info","event":"\u001b[0m09:34:47  Running with dbt=1.10.13","logger":"airflow.task.hooks.airflow.providers.standard.hooks.subprocess.SubprocessHook"}
{"timestamp":"2025-10-09T09:34:47.736827","level":"info","event":"\u001b[0m09:34:47  Registered adapter: duckdb=1.9.6","logger":"airflow.task.hooks.airflow.providers.standard.hooks.subprocess.SubprocessHook"}
{"timestamp":"2025-10-09T09:34:47.906159","level":"info","event":"\u001b[0m09:34:47  [\u001b[33mWARNING\u001b[0m]: Configuration paths exist in your dbt_project.yml file which do not apply to any resources.","logger":"airflow.task.hooks.airflow.providers.standard.hooks.subprocess.SubprocessHook"}
{"timestamp":"2025-10-09T09:34:47.906332","level":"info","event":"There are 1 unused configuration paths:","logger":"airflow.task.hooks.airflow.providers.standard.hooks.subprocess.SubprocessHook"}
{"timestamp":"2025-10-09T09:34:47.906382","level":"info","event":"- models.s5.example","logger":"airflow.task.hooks.airflow.providers.standard.hooks.subprocess.SubprocessHook"}
{"timestamp":"2025-10-09T09:34:48.013526","level":"info","event":"\u001b[0m09:34:48  Found 3 models, 1 source, 431 macros","logger":"airflow.task.hooks.airflow.providers.standard.hooks.subprocess.SubprocessHook"}
{"timestamp":"2025-10-09T09:34:48.015376","level":"info","event":"\u001b[0m09:34:48","logger":"airflow.task.hooks.airflow.providers.standard.hooks.subprocess.SubprocessHook"}
{"timestamp":"2025-10-09T09:34:48.015725","level":"info","event":"\u001b[0m09:34:48  Concurrency: 1 threads (target='dev')","logger":"airflow.task.hooks.airflow.providers.standard.hooks.subprocess.SubprocessHook"}
{"timestamp":"2025-10-09T09:34:48.016038","level":"info","event":"\u001b[0m09:34:48","logger":"airflow.task.hooks.airflow.providers.standard.hooks.subprocess.SubprocessHook"}
{"timestamp":"2025-10-09T09:34:48.169457","level":"info","event":"\u001b[0m09:34:48  1 of 3 START sql table model main.stg_category ................................. [RUN]","logger":"airflow.task.hooks.airflow.providers.standard.hooks.subprocess.SubprocessHook"}
{"timestamp":"2025-10-09T09:34:48.290180","level":"info","event":"\u001b[0m09:34:48  1 of 3 OK created sql table model main.stg_category ............................ [\u001b[32mOK\u001b[0m in 0.12s]","logger":"airflow.task.hooks.airflow.providers.standard.hooks.subprocess.SubprocessHook"}
{"timestamp":"2025-10-09T09:34:48.291771","level":"info","event":"\u001b[0m09:34:48  2 of 3 START sql table model main.stg_product .................................. [RUN]","logger":"airflow.task.hooks.airflow.providers.standard.hooks.subprocess.SubprocessHook"}
{"timestamp":"2025-10-09T09:34:48.350332","level":"info","event":"\u001b[0m09:34:48  2 of 3 OK created sql table model main.stg_product ............................. [\u001b[32mOK\u001b[0m in 0.06s]","logger":"airflow.task.hooks.airflow.providers.standard.hooks.subprocess.SubprocessHook"}
{"timestamp":"2025-10-09T09:34:48.352536","level":"info","event":"\u001b[0m09:34:48  3 of 3 START sql view model main.sales ......................................... [RUN]","logger":"airflow.task.hooks.airflow.providers.standard.hooks.subprocess.SubprocessHook"}
{"timestamp":"2025-10-09T09:34:48.438888","level":"info","event":"\u001b[0m09:34:48  3 of 3 OK created sql view model main.sales .................................... [\u001b[32mOK\u001b[0m in 0.09s]","logger":"airflow.task.hooks.airflow.providers.standard.hooks.subprocess.SubprocessHook"}
{"timestamp":"2025-10-09T09:34:48.451784","level":"info","event":"\u001b[0m09:34:48","logger":"airflow.task.hooks.airflow.providers.standard.hooks.subprocess.SubprocessHook"}
{"timestamp":"2025-10-09T09:34:48.452084","level":"info","event":"\u001b[0m09:34:48  Finished running 2 table models, 1 view model in 0 hours 0 minutes and 0.44 seconds (0.44s).","logger":"airflow.task.hooks.airflow.providers.standard.hooks.subprocess.SubprocessHook"}
{"timestamp":"2025-10-09T09:34:48.485106","level":"info","event":"\u001b[0m09:34:48","logger":"airflow.task.hooks.airflow.providers.standard.hooks.subprocess.SubprocessHook"}
{"timestamp":"2025-10-09T09:34:48.485378","level":"info","event":"\u001b[0m09:34:48  \u001b[32mCompleted successfully\u001b[0m","logger":"airflow.task.hooks.airflow.providers.standard.hooks.subprocess.SubprocessHook"}
{"timestamp":"2025-10-09T09:34:48.485621","level":"info","event":"\u001b[0m09:34:48","logger":"airflow.task.hooks.airflow.providers.standard.hooks.subprocess.SubprocessHook"}
{"timestamp":"2025-10-09T09:34:48.485979","level":"info","event":"\u001b[0m09:34:48  Done. PASS=3 WARN=0 ERROR=0 SKIP=0 NO-OP=0 TOTAL=3","logger":"airflow.task.hooks.airflow.providers.standard.hooks.subprocess.SubprocessHook"}
{"timestamp":"2025-10-09T09:34:49.655443","level":"info","event":"Command exited with return code 0","logger":"airflow.task.hooks.airflow.providers.standard.hooks.subprocess.SubprocessHook"}
{"timestamp":"2025-10-09T09:34:49.655874","level":"info","event":"Pushing xcom","ti":"RuntimeTaskInstance(id=UUID('0199c852-9bf1-70f2-babd-1256035db108'), task_id='dbt_run', dag_id='data_pipeline', run_id='manual__2025-10-09T09:34:41.116884+00:00', try_number=1, map_index=-1, hostname='Renad-Amr.', context_carrier=None, task=<Task(BashOperator): dbt_run>, bundle_instance=LocalDagBundle(name=dags-folder), max_tries=2, start_date=datetime.datetime(2025, 10, 9, 9, 34, 44, 895271, tzinfo=datetime.timezone.utc), end_date=None, state=<TaskInstanceState.RUNNING: 'running'>, is_mapped=False, rendered_map_index=None, log_url='http://localhost:8080/dags/data_pipeline/runs/manual__2025-10-09T09%3A34%3A41.116884%2B00%3A00/tasks/dbt_run?try_number=1')","logger":"task"}
