{"timestamp":"2025-10-11T09:23:25.885199","level":"info","event":"DAG bundles loaded: dags-folder","logger":"airflow.dag_processing.bundles.manager.DagBundlesManager"}
{"timestamp":"2025-10-11T09:23:25.886189","level":"info","event":"Filling up the DagBag from /home/renad/airflow/dags/ai5.py","logger":"airflow.models.dagbag.DagBag"}
{"timestamp":"2025-10-11T09:23:26.417164","level":"info","event":"Tmp dir root location: /tmp","logger":"airflow.task.hooks.airflow.providers.standard.hooks.subprocess.SubprocessHook"}
{"timestamp":"2025-10-11T09:23:26.417364","level":"info","event":"Running command: ['/usr/bin/bash', '-c', '/home/renad/venvs/airflow_3.0.6/bin/dbt run']","logger":"airflow.task.hooks.airflow.providers.standard.hooks.subprocess.SubprocessHook"}
{"timestamp":"2025-10-11T09:23:26.423307","level":"info","event":"Output:","logger":"airflow.task.hooks.airflow.providers.standard.hooks.subprocess.SubprocessHook"}
{"timestamp":"2025-10-11T09:23:27.984441","level":"info","event":"\u001b[0m09:23:27  Running with dbt=1.10.13","logger":"airflow.task.hooks.airflow.providers.standard.hooks.subprocess.SubprocessHook"}
{"timestamp":"2025-10-11T09:23:28.293027","level":"info","event":"\u001b[0m09:23:28  Registered adapter: duckdb=1.9.6","logger":"airflow.task.hooks.airflow.providers.standard.hooks.subprocess.SubprocessHook"}
{"timestamp":"2025-10-11T09:23:28.440931","level":"info","event":"\u001b[0m09:23:28  [\u001b[33mWARNING\u001b[0m]: Configuration paths exist in your dbt_project.yml file which do not apply to any resources.","logger":"airflow.task.hooks.airflow.providers.standard.hooks.subprocess.SubprocessHook"}
{"timestamp":"2025-10-11T09:23:28.441077","level":"info","event":"There are 1 unused configuration paths:","logger":"airflow.task.hooks.airflow.providers.standard.hooks.subprocess.SubprocessHook"}
{"timestamp":"2025-10-11T09:23:28.441127","level":"info","event":"- models.s5.example","logger":"airflow.task.hooks.airflow.providers.standard.hooks.subprocess.SubprocessHook"}
{"timestamp":"2025-10-11T09:23:28.574846","level":"info","event":"\u001b[0m09:23:28  Found 3 models, 1 source, 431 macros","logger":"airflow.task.hooks.airflow.providers.standard.hooks.subprocess.SubprocessHook"}
{"timestamp":"2025-10-11T09:23:28.576725","level":"info","event":"\u001b[0m09:23:28","logger":"airflow.task.hooks.airflow.providers.standard.hooks.subprocess.SubprocessHook"}
{"timestamp":"2025-10-11T09:23:28.577062","level":"info","event":"\u001b[0m09:23:28  Concurrency: 1 threads (target='dev')","logger":"airflow.task.hooks.airflow.providers.standard.hooks.subprocess.SubprocessHook"}
{"timestamp":"2025-10-11T09:23:28.577359","level":"info","event":"\u001b[0m09:23:28","logger":"airflow.task.hooks.airflow.providers.standard.hooks.subprocess.SubprocessHook"}
{"timestamp":"2025-10-11T09:23:28.683499","level":"info","event":"\u001b[0m09:23:28  1 of 3 START sql table model main.stg_category ................................. [RUN]","logger":"airflow.task.hooks.airflow.providers.standard.hooks.subprocess.SubprocessHook"}
{"timestamp":"2025-10-11T09:23:28.820580","level":"info","event":"\u001b[0m09:23:28  1 of 3 OK created sql table model main.stg_category ............................ [\u001b[32mOK\u001b[0m in 0.13s]","logger":"airflow.task.hooks.airflow.providers.standard.hooks.subprocess.SubprocessHook"}
{"timestamp":"2025-10-11T09:23:28.822288","level":"info","event":"\u001b[0m09:23:28  2 of 3 START sql table model main.stg_product .................................. [RUN]","logger":"airflow.task.hooks.airflow.providers.standard.hooks.subprocess.SubprocessHook"}
{"timestamp":"2025-10-11T09:23:28.867853","level":"info","event":"\u001b[0m09:23:28  2 of 3 OK created sql table model main.stg_product ............................. [\u001b[32mOK\u001b[0m in 0.04s]","logger":"airflow.task.hooks.airflow.providers.standard.hooks.subprocess.SubprocessHook"}
{"timestamp":"2025-10-11T09:23:28.869861","level":"info","event":"\u001b[0m09:23:28  3 of 3 START sql view model main.sales ......................................... [RUN]","logger":"airflow.task.hooks.airflow.providers.standard.hooks.subprocess.SubprocessHook"}
{"timestamp":"2025-10-11T09:23:28.918727","level":"info","event":"\u001b[0m09:23:28  3 of 3 OK created sql view model main.sales .................................... [\u001b[32mOK\u001b[0m in 0.05s]","logger":"airflow.task.hooks.airflow.providers.standard.hooks.subprocess.SubprocessHook"}
{"timestamp":"2025-10-11T09:23:28.925217","level":"info","event":"\u001b[0m09:23:28","logger":"airflow.task.hooks.airflow.providers.standard.hooks.subprocess.SubprocessHook"}
{"timestamp":"2025-10-11T09:23:28.925457","level":"info","event":"\u001b[0m09:23:28  Finished running 2 table models, 1 view model in 0 hours 0 minutes and 0.35 seconds (0.35s).","logger":"airflow.task.hooks.airflow.providers.standard.hooks.subprocess.SubprocessHook"}
{"timestamp":"2025-10-11T09:23:28.949478","level":"info","event":"\u001b[0m09:23:28","logger":"airflow.task.hooks.airflow.providers.standard.hooks.subprocess.SubprocessHook"}
{"timestamp":"2025-10-11T09:23:28.949615","level":"info","event":"\u001b[0m09:23:28  \u001b[32mCompleted successfully\u001b[0m","logger":"airflow.task.hooks.airflow.providers.standard.hooks.subprocess.SubprocessHook"}
{"timestamp":"2025-10-11T09:23:28.949714","level":"info","event":"\u001b[0m09:23:28","logger":"airflow.task.hooks.airflow.providers.standard.hooks.subprocess.SubprocessHook"}
{"timestamp":"2025-10-11T09:23:28.950217","level":"info","event":"\u001b[0m09:23:28  Done. PASS=3 WARN=0 ERROR=0 SKIP=0 NO-OP=0 TOTAL=3","logger":"airflow.task.hooks.airflow.providers.standard.hooks.subprocess.SubprocessHook"}
{"timestamp":"2025-10-11T09:23:30.385953","level":"info","event":"Command exited with return code 0","logger":"airflow.task.hooks.airflow.providers.standard.hooks.subprocess.SubprocessHook"}
{"timestamp":"2025-10-11T09:23:30.386466","level":"info","event":"Pushing xcom","ti":"RuntimeTaskInstance(id=UUID('0199d294-fa00-7569-b75e-9a6243e608da'), task_id='dbt_run', dag_id='data_pipeline', run_id='manual__2025-10-11T09:23:22.738088+00:00', try_number=1, map_index=-1, hostname='Renad-Amr.', context_carrier=None, task=<Task(BashOperator): dbt_run>, bundle_instance=LocalDagBundle(name=dags-folder), max_tries=2, start_date=datetime.datetime(2025, 10, 11, 9, 23, 25, 854303, tzinfo=datetime.timezone.utc), end_date=None, state=<TaskInstanceState.RUNNING: 'running'>, is_mapped=False, rendered_map_index=None, log_url='http://localhost:8080/dags/data_pipeline/runs/manual__2025-10-11T09%3A23%3A22.738088%2B00%3A00/tasks/dbt_run?try_number=1')","logger":"task"}
