{"timestamp":"2025-10-04T00:34:16.619334","level":"info","event":"DAG bundles loaded: dags-folder","logger":"airflow.dag_processing.bundles.manager.DagBundlesManager"}
{"timestamp":"2025-10-04T00:34:16.619941","level":"info","event":"Filling up the DagBag from /home/renad/airflow/dags/ai5.py","logger":"airflow.models.dagbag.DagBag"}
{"timestamp":"2025-10-04T00:34:17.066815","level":"info","event":"Tmp dir root location: /tmp","logger":"airflow.task.hooks.airflow.providers.standard.hooks.subprocess.SubprocessHook"}
{"timestamp":"2025-10-04T00:34:17.067312","level":"info","event":"Running command: ['/usr/bin/bash', '-c', '/home/renad/venvs/airflow_3.0.6/bin/dbt run']","logger":"airflow.task.hooks.airflow.providers.standard.hooks.subprocess.SubprocessHook"}
{"timestamp":"2025-10-04T00:34:17.074573","level":"info","event":"Output:","logger":"airflow.task.hooks.airflow.providers.standard.hooks.subprocess.SubprocessHook"}
{"timestamp":"2025-10-04T00:34:18.774894","level":"info","event":"\u001b[0m00:34:18  Running with dbt=1.10.13","logger":"airflow.task.hooks.airflow.providers.standard.hooks.subprocess.SubprocessHook"}
{"timestamp":"2025-10-04T00:34:19.127942","level":"info","event":"\u001b[0m00:34:19  Registered adapter: duckdb=1.9.6","logger":"airflow.task.hooks.airflow.providers.standard.hooks.subprocess.SubprocessHook"}
{"timestamp":"2025-10-04T00:34:19.334629","level":"info","event":"\u001b[0m00:34:19  [\u001b[33mWARNING\u001b[0m]: Configuration paths exist in your dbt_project.yml file which do not apply to any resources.","logger":"airflow.task.hooks.airflow.providers.standard.hooks.subprocess.SubprocessHook"}
{"timestamp":"2025-10-04T00:34:19.334778","level":"info","event":"There are 1 unused configuration paths:","logger":"airflow.task.hooks.airflow.providers.standard.hooks.subprocess.SubprocessHook"}
{"timestamp":"2025-10-04T00:34:19.334829","level":"info","event":"- models.s5.example","logger":"airflow.task.hooks.airflow.providers.standard.hooks.subprocess.SubprocessHook"}
{"timestamp":"2025-10-04T00:34:19.465194","level":"info","event":"\u001b[0m00:34:19  Found 3 models, 1 source, 431 macros","logger":"airflow.task.hooks.airflow.providers.standard.hooks.subprocess.SubprocessHook"}
{"timestamp":"2025-10-04T00:34:19.467623","level":"info","event":"\u001b[0m00:34:19","logger":"airflow.task.hooks.airflow.providers.standard.hooks.subprocess.SubprocessHook"}
{"timestamp":"2025-10-04T00:34:19.467942","level":"info","event":"\u001b[0m00:34:19  Concurrency: 1 threads (target='dev')","logger":"airflow.task.hooks.airflow.providers.standard.hooks.subprocess.SubprocessHook"}
{"timestamp":"2025-10-04T00:34:19.468189","level":"info","event":"\u001b[0m00:34:19","logger":"airflow.task.hooks.airflow.providers.standard.hooks.subprocess.SubprocessHook"}
{"timestamp":"2025-10-04T00:34:19.618157","level":"info","event":"\u001b[0m00:34:19  1 of 3 START sql table model main.stg_category ................................. [RUN]","logger":"airflow.task.hooks.airflow.providers.standard.hooks.subprocess.SubprocessHook"}
{"timestamp":"2025-10-04T00:34:19.822055","level":"info","event":"\u001b[0m00:34:19  1 of 3 OK created sql table model main.stg_category ............................ [\u001b[32mOK\u001b[0m in 0.20s]","logger":"airflow.task.hooks.airflow.providers.standard.hooks.subprocess.SubprocessHook"}
{"timestamp":"2025-10-04T00:34:19.825203","level":"info","event":"\u001b[0m00:34:19  2 of 3 START sql table model main.stg_product .................................. [RUN]","logger":"airflow.task.hooks.airflow.providers.standard.hooks.subprocess.SubprocessHook"}
{"timestamp":"2025-10-04T00:34:19.898198","level":"info","event":"\u001b[0m00:34:19  2 of 3 OK created sql table model main.stg_product ............................. [\u001b[32mOK\u001b[0m in 0.07s]","logger":"airflow.task.hooks.airflow.providers.standard.hooks.subprocess.SubprocessHook"}
{"timestamp":"2025-10-04T00:34:19.903864","level":"info","event":"\u001b[0m00:34:19  3 of 3 START sql view model main.sales ......................................... [RUN]","logger":"airflow.task.hooks.airflow.providers.standard.hooks.subprocess.SubprocessHook"}
{"timestamp":"2025-10-04T00:34:19.985831","level":"info","event":"\u001b[0m00:34:19  3 of 3 OK created sql view model main.sales .................................... [\u001b[32mOK\u001b[0m in 0.08s]","logger":"airflow.task.hooks.airflow.providers.standard.hooks.subprocess.SubprocessHook"}
{"timestamp":"2025-10-04T00:34:20.000296","level":"info","event":"\u001b[0m00:34:19","logger":"airflow.task.hooks.airflow.providers.standard.hooks.subprocess.SubprocessHook"}
{"timestamp":"2025-10-04T00:34:20.000677","level":"info","event":"\u001b[0m00:34:20  Finished running 2 table models, 1 view model in 0 hours 0 minutes and 0.53 seconds (0.53s).","logger":"airflow.task.hooks.airflow.providers.standard.hooks.subprocess.SubprocessHook"}
{"timestamp":"2025-10-04T00:34:20.041885","level":"info","event":"\u001b[0m00:34:20","logger":"airflow.task.hooks.airflow.providers.standard.hooks.subprocess.SubprocessHook"}
{"timestamp":"2025-10-04T00:34:20.042204","level":"info","event":"\u001b[0m00:34:20  \u001b[32mCompleted successfully\u001b[0m","logger":"airflow.task.hooks.airflow.providers.standard.hooks.subprocess.SubprocessHook"}
{"timestamp":"2025-10-04T00:34:20.042644","level":"info","event":"\u001b[0m00:34:20","logger":"airflow.task.hooks.airflow.providers.standard.hooks.subprocess.SubprocessHook"}
{"timestamp":"2025-10-04T00:34:20.043099","level":"info","event":"\u001b[0m00:34:20  Done. PASS=3 WARN=0 ERROR=0 SKIP=0 NO-OP=0 TOTAL=3","logger":"airflow.task.hooks.airflow.providers.standard.hooks.subprocess.SubprocessHook"}
{"timestamp":"2025-10-04T00:34:21.135269","level":"info","event":"Command exited with return code 0","logger":"airflow.task.hooks.airflow.providers.standard.hooks.subprocess.SubprocessHook"}
{"timestamp":"2025-10-04T00:34:21.135717","level":"info","event":"Pushing xcom","ti":"RuntimeTaskInstance(id=UUID('0199aca4-095c-7f74-be17-36b3ac50fb7f'), task_id='dbt_run', dag_id='data_pipeline', run_id='manual__2025-10-04T00:34:15.504212+00:00', try_number=1, map_index=-1, hostname='Renad-Amr.', context_carrier=None, task=<Task(BashOperator): dbt_run>, bundle_instance=LocalDagBundle(name=dags-folder), max_tries=2, start_date=datetime.datetime(2025, 10, 4, 0, 34, 16, 583120, tzinfo=datetime.timezone.utc), end_date=None, state=<TaskInstanceState.RUNNING: 'running'>, is_mapped=False, rendered_map_index=None, log_url='http://localhost:8080/dags/data_pipeline/runs/manual__2025-10-04T00%3A34%3A15.504212%2B00%3A00/tasks/dbt_run?try_number=1')","logger":"task"}
