{"timestamp":"2025-10-11T09:20:20.322400","level":"info","event":"DAG bundles loaded: dags-folder","logger":"airflow.dag_processing.bundles.manager.DagBundlesManager"}
{"timestamp":"2025-10-11T09:20:20.323038","level":"info","event":"Filling up the DagBag from /home/renad/airflow/dags/ai5.py","logger":"airflow.models.dagbag.DagBag"}
{"timestamp":"2025-10-11T09:20:20.680462","level":"info","event":"Tmp dir root location: /tmp","logger":"airflow.task.hooks.airflow.providers.standard.hooks.subprocess.SubprocessHook"}
{"timestamp":"2025-10-11T09:20:20.680722","level":"info","event":"Running command: ['/usr/bin/bash', '-c', '/home/renad/venvs/airflow_3.0.6/bin/dbt run']","logger":"airflow.task.hooks.airflow.providers.standard.hooks.subprocess.SubprocessHook"}
{"timestamp":"2025-10-11T09:20:20.690047","level":"info","event":"Output:","logger":"airflow.task.hooks.airflow.providers.standard.hooks.subprocess.SubprocessHook"}
{"timestamp":"2025-10-11T09:20:22.562398","level":"info","event":"\u001b[0m09:20:22  Running with dbt=1.10.13","logger":"airflow.task.hooks.airflow.providers.standard.hooks.subprocess.SubprocessHook"}
{"timestamp":"2025-10-11T09:20:23.000228","level":"info","event":"\u001b[0m09:20:22  Registered adapter: duckdb=1.9.6","logger":"airflow.task.hooks.airflow.providers.standard.hooks.subprocess.SubprocessHook"}
{"timestamp":"2025-10-11T09:20:23.217652","level":"info","event":"\u001b[0m09:20:23  [\u001b[33mWARNING\u001b[0m]: Configuration paths exist in your dbt_project.yml file which do not apply to any resources.","logger":"airflow.task.hooks.airflow.providers.standard.hooks.subprocess.SubprocessHook"}
{"timestamp":"2025-10-11T09:20:23.218091","level":"info","event":"There are 1 unused configuration paths:","logger":"airflow.task.hooks.airflow.providers.standard.hooks.subprocess.SubprocessHook"}
{"timestamp":"2025-10-11T09:20:23.218314","level":"info","event":"- models.s5.example","logger":"airflow.task.hooks.airflow.providers.standard.hooks.subprocess.SubprocessHook"}
{"timestamp":"2025-10-11T09:20:23.403645","level":"info","event":"\u001b[0m09:20:23  Found 3 models, 1 source, 431 macros","logger":"airflow.task.hooks.airflow.providers.standard.hooks.subprocess.SubprocessHook"}
{"timestamp":"2025-10-11T09:20:23.408035","level":"info","event":"\u001b[0m09:20:23","logger":"airflow.task.hooks.airflow.providers.standard.hooks.subprocess.SubprocessHook"}
{"timestamp":"2025-10-11T09:20:23.408824","level":"info","event":"\u001b[0m09:20:23  Concurrency: 1 threads (target='dev')","logger":"airflow.task.hooks.airflow.providers.standard.hooks.subprocess.SubprocessHook"}
{"timestamp":"2025-10-11T09:20:23.409145","level":"info","event":"\u001b[0m09:20:23","logger":"airflow.task.hooks.airflow.providers.standard.hooks.subprocess.SubprocessHook"}
{"timestamp":"2025-10-11T09:20:23.610107","level":"info","event":"\u001b[0m09:20:23  1 of 3 START sql table model main.stg_category ................................. [RUN]","logger":"airflow.task.hooks.airflow.providers.standard.hooks.subprocess.SubprocessHook"}
{"timestamp":"2025-10-11T09:20:23.780417","level":"info","event":"\u001b[0m09:20:23  1 of 3 OK created sql table model main.stg_category ............................ [\u001b[32mOK\u001b[0m in 0.17s]","logger":"airflow.task.hooks.airflow.providers.standard.hooks.subprocess.SubprocessHook"}
{"timestamp":"2025-10-11T09:20:23.784201","level":"info","event":"\u001b[0m09:20:23  2 of 3 START sql table model main.stg_product .................................. [RUN]","logger":"airflow.task.hooks.airflow.providers.standard.hooks.subprocess.SubprocessHook"}
{"timestamp":"2025-10-11T09:20:23.861621","level":"info","event":"\u001b[0m09:20:23  2 of 3 OK created sql table model main.stg_product ............................. [\u001b[32mOK\u001b[0m in 0.08s]","logger":"airflow.task.hooks.airflow.providers.standard.hooks.subprocess.SubprocessHook"}
{"timestamp":"2025-10-11T09:20:23.866061","level":"info","event":"\u001b[0m09:20:23  3 of 3 START sql view model main.sales ......................................... [RUN]","logger":"airflow.task.hooks.airflow.providers.standard.hooks.subprocess.SubprocessHook"}
{"timestamp":"2025-10-11T09:20:23.938333","level":"info","event":"\u001b[0m09:20:23  3 of 3 OK created sql view model main.sales .................................... [\u001b[32mOK\u001b[0m in 0.07s]","logger":"airflow.task.hooks.airflow.providers.standard.hooks.subprocess.SubprocessHook"}
{"timestamp":"2025-10-11T09:20:23.947436","level":"info","event":"\u001b[0m09:20:23","logger":"airflow.task.hooks.airflow.providers.standard.hooks.subprocess.SubprocessHook"}
{"timestamp":"2025-10-11T09:20:23.947872","level":"info","event":"\u001b[0m09:20:23  Finished running 2 table models, 1 view model in 0 hours 0 minutes and 0.54 seconds (0.54s).","logger":"airflow.task.hooks.airflow.providers.standard.hooks.subprocess.SubprocessHook"}
{"timestamp":"2025-10-11T09:20:23.979321","level":"info","event":"\u001b[0m09:20:23","logger":"airflow.task.hooks.airflow.providers.standard.hooks.subprocess.SubprocessHook"}
{"timestamp":"2025-10-11T09:20:23.979796","level":"info","event":"\u001b[0m09:20:23  \u001b[32mCompleted successfully\u001b[0m","logger":"airflow.task.hooks.airflow.providers.standard.hooks.subprocess.SubprocessHook"}
{"timestamp":"2025-10-11T09:20:23.980340","level":"info","event":"\u001b[0m09:20:23","logger":"airflow.task.hooks.airflow.providers.standard.hooks.subprocess.SubprocessHook"}
{"timestamp":"2025-10-11T09:20:23.980965","level":"info","event":"\u001b[0m09:20:23  Done. PASS=3 WARN=0 ERROR=0 SKIP=0 NO-OP=0 TOTAL=3","logger":"airflow.task.hooks.airflow.providers.standard.hooks.subprocess.SubprocessHook"}
{"timestamp":"2025-10-11T09:20:25.373310","level":"info","event":"Command exited with return code 0","logger":"airflow.task.hooks.airflow.providers.standard.hooks.subprocess.SubprocessHook"}
{"timestamp":"2025-10-11T09:20:25.374365","level":"info","event":"Pushing xcom","ti":"RuntimeTaskInstance(id=UUID('0199d292-21ac-7661-be0e-25220903fa5e'), task_id='dbt_run', dag_id='data_pipeline', run_id='manual__2025-10-11T09:20:16.278174+00:00', try_number=1, map_index=-1, hostname='Renad-Amr.', context_carrier=None, task=<Task(BashOperator): dbt_run>, bundle_instance=LocalDagBundle(name=dags-folder), max_tries=2, start_date=datetime.datetime(2025, 10, 11, 9, 20, 20, 295351, tzinfo=datetime.timezone.utc), end_date=None, state=<TaskInstanceState.RUNNING: 'running'>, is_mapped=False, rendered_map_index=None, log_url='http://localhost:8080/dags/data_pipeline/runs/manual__2025-10-11T09%3A20%3A16.278174%2B00%3A00/tasks/dbt_run?try_number=1')","logger":"task"}
