{"timestamp":"2025-10-09T19:55:28.779103","level":"info","event":"DAG bundles loaded: dags-folder","logger":"airflow.dag_processing.bundles.manager.DagBundlesManager"}
{"timestamp":"2025-10-09T19:55:28.779778","level":"info","event":"Filling up the DagBag from /home/renad/airflow/dags/ai5.py","logger":"airflow.models.dagbag.DagBag"}
{"timestamp":"2025-10-09T19:55:29.290227","level":"info","event":"Tmp dir root location: /tmp","logger":"airflow.task.hooks.airflow.providers.standard.hooks.subprocess.SubprocessHook"}
{"timestamp":"2025-10-09T19:55:29.290433","level":"info","event":"Running command: ['/usr/bin/bash', '-c', '/home/renad/venvs/airflow_3.0.6/bin/dbt run']","logger":"airflow.task.hooks.airflow.providers.standard.hooks.subprocess.SubprocessHook"}
{"timestamp":"2025-10-09T19:55:29.296216","level":"info","event":"Output:","logger":"airflow.task.hooks.airflow.providers.standard.hooks.subprocess.SubprocessHook"}
{"timestamp":"2025-10-09T19:55:30.758689","level":"info","event":"\u001b[0m19:55:30  Running with dbt=1.10.13","logger":"airflow.task.hooks.airflow.providers.standard.hooks.subprocess.SubprocessHook"}
{"timestamp":"2025-10-09T19:55:31.053654","level":"info","event":"\u001b[0m19:55:31  Registered adapter: duckdb=1.9.6","logger":"airflow.task.hooks.airflow.providers.standard.hooks.subprocess.SubprocessHook"}
{"timestamp":"2025-10-09T19:55:31.201086","level":"info","event":"\u001b[0m19:55:31  [\u001b[33mWARNING\u001b[0m]: Configuration paths exist in your dbt_project.yml file which do not apply to any resources.","logger":"airflow.task.hooks.airflow.providers.standard.hooks.subprocess.SubprocessHook"}
{"timestamp":"2025-10-09T19:55:31.201252","level":"info","event":"There are 1 unused configuration paths:","logger":"airflow.task.hooks.airflow.providers.standard.hooks.subprocess.SubprocessHook"}
{"timestamp":"2025-10-09T19:55:31.201313","level":"info","event":"- models.s5.example","logger":"airflow.task.hooks.airflow.providers.standard.hooks.subprocess.SubprocessHook"}
{"timestamp":"2025-10-09T19:55:31.330504","level":"info","event":"\u001b[0m19:55:31  Found 3 models, 1 source, 431 macros","logger":"airflow.task.hooks.airflow.providers.standard.hooks.subprocess.SubprocessHook"}
{"timestamp":"2025-10-09T19:55:31.333897","level":"info","event":"\u001b[0m19:55:31","logger":"airflow.task.hooks.airflow.providers.standard.hooks.subprocess.SubprocessHook"}
{"timestamp":"2025-10-09T19:55:31.334437","level":"info","event":"\u001b[0m19:55:31  Concurrency: 1 threads (target='dev')","logger":"airflow.task.hooks.airflow.providers.standard.hooks.subprocess.SubprocessHook"}
{"timestamp":"2025-10-09T19:55:31.334559","level":"info","event":"\u001b[0m19:55:31","logger":"airflow.task.hooks.airflow.providers.standard.hooks.subprocess.SubprocessHook"}
{"timestamp":"2025-10-09T19:55:31.631341","level":"info","event":"\u001b[0m19:55:31  1 of 3 START sql table model main.stg_category ................................. [RUN]","logger":"airflow.task.hooks.airflow.providers.standard.hooks.subprocess.SubprocessHook"}
{"timestamp":"2025-10-09T19:55:31.746565","level":"info","event":"\u001b[0m19:55:31  1 of 3 OK created sql table model main.stg_category ............................ [\u001b[32mOK\u001b[0m in 0.11s]","logger":"airflow.task.hooks.airflow.providers.standard.hooks.subprocess.SubprocessHook"}
{"timestamp":"2025-10-09T19:55:31.748012","level":"info","event":"\u001b[0m19:55:31  2 of 3 START sql table model main.stg_product .................................. [RUN]","logger":"airflow.task.hooks.airflow.providers.standard.hooks.subprocess.SubprocessHook"}
{"timestamp":"2025-10-09T19:55:31.787123","level":"info","event":"\u001b[0m19:55:31  2 of 3 OK created sql table model main.stg_product ............................. [\u001b[32mOK\u001b[0m in 0.04s]","logger":"airflow.task.hooks.airflow.providers.standard.hooks.subprocess.SubprocessHook"}
{"timestamp":"2025-10-09T19:55:31.788980","level":"info","event":"\u001b[0m19:55:31  3 of 3 START sql view model main.sales ......................................... [RUN]","logger":"airflow.task.hooks.airflow.providers.standard.hooks.subprocess.SubprocessHook"}
{"timestamp":"2025-10-09T19:55:31.837816","level":"info","event":"\u001b[0m19:55:31  3 of 3 OK created sql view model main.sales .................................... [\u001b[32mOK\u001b[0m in 0.05s]","logger":"airflow.task.hooks.airflow.providers.standard.hooks.subprocess.SubprocessHook"}
{"timestamp":"2025-10-09T19:55:31.843610","level":"info","event":"\u001b[0m19:55:31","logger":"airflow.task.hooks.airflow.providers.standard.hooks.subprocess.SubprocessHook"}
{"timestamp":"2025-10-09T19:55:31.843888","level":"info","event":"\u001b[0m19:55:31  Finished running 2 table models, 1 view model in 0 hours 0 minutes and 0.51 seconds (0.51s).","logger":"airflow.task.hooks.airflow.providers.standard.hooks.subprocess.SubprocessHook"}
{"timestamp":"2025-10-09T19:55:31.866714","level":"info","event":"\u001b[0m19:55:31","logger":"airflow.task.hooks.airflow.providers.standard.hooks.subprocess.SubprocessHook"}
{"timestamp":"2025-10-09T19:55:31.867109","level":"info","event":"\u001b[0m19:55:31  \u001b[32mCompleted successfully\u001b[0m","logger":"airflow.task.hooks.airflow.providers.standard.hooks.subprocess.SubprocessHook"}
{"timestamp":"2025-10-09T19:55:31.867237","level":"info","event":"\u001b[0m19:55:31","logger":"airflow.task.hooks.airflow.providers.standard.hooks.subprocess.SubprocessHook"}
{"timestamp":"2025-10-09T19:55:31.867467","level":"info","event":"\u001b[0m19:55:31  Done. PASS=3 WARN=0 ERROR=0 SKIP=0 NO-OP=0 TOTAL=3","logger":"airflow.task.hooks.airflow.providers.standard.hooks.subprocess.SubprocessHook"}
{"timestamp":"2025-10-09T19:55:33.439756","level":"info","event":"Command exited with return code 0","logger":"airflow.task.hooks.airflow.providers.standard.hooks.subprocess.SubprocessHook"}
{"timestamp":"2025-10-09T19:55:33.440223","level":"info","event":"Pushing xcom","ti":"RuntimeTaskInstance(id=UUID('0199ca8a-e6c6-71c4-a0b0-79855b861a0b'), task_id='dbt_run', dag_id='data_pipeline', run_id='manual__2025-10-09T19:55:24.727519+00:00', try_number=1, map_index=-1, hostname='Renad-Amr.', context_carrier=None, task=<Task(BashOperator): dbt_run>, bundle_instance=LocalDagBundle(name=dags-folder), max_tries=2, start_date=datetime.datetime(2025, 10, 9, 19, 55, 27, 589461, tzinfo=datetime.timezone.utc), end_date=None, state=<TaskInstanceState.RUNNING: 'running'>, is_mapped=False, rendered_map_index=None, log_url='http://localhost:8080/dags/data_pipeline/runs/manual__2025-10-09T19%3A55%3A24.727519%2B00%3A00/tasks/dbt_run?try_number=1')","logger":"task"}
